d:\rohith\sem3\adsa min pro\bst\debug\bst.ui.resources
d:\rohith\sem3\adsa min pro\bst\debug\bst.display.resources
d:\rohith\sem3\adsa min pro\bst\debug\vc120.pdb
d:\rohith\sem3\adsa min pro\bst\debug\.netframework,version=v4.5.assemblyattributes.obj
d:\rohith\sem3\adsa min pro\bst\debug\display.obj
d:\rohith\sem3\adsa min pro\bst\debug\bst.vcxproj.generateresource.cache
d:\rohith\sem3\adsa min pro\bst\debug\bst.vcxprojresolveassemblyreference.cache
d:\rohith\sem3\adsa min pro\bst\debug\bst.pdb
d:\rohith\sem3\adsa min pro\bst\debug\bst.exe.metagen
d:\rohith\sem3\adsa min pro\bst\debug\bst.tlog\bst.write.1u.tlog
d:\rohith\sem3\adsa min pro\bst\debug\bst.tlog\cl.command.1.tlog
d:\rohith\sem3\adsa min pro\bst\debug\bst.tlog\cl.read.1.tlog
d:\rohith\sem3\adsa min pro\bst\debug\bst.tlog\cl.write.1.tlog
d:\rohith\sem3\adsa min pro\bst\debug\bst.tlog\link.1492-cvtres.read.1.tlog
d:\rohith\sem3\adsa min pro\bst\debug\bst.tlog\link.1492-cvtres.write.1.tlog
d:\rohith\sem3\adsa min pro\bst\debug\bst.tlog\link.1492-rc.read.1.tlog
d:\rohith\sem3\adsa min pro\bst\debug\bst.tlog\link.1492-rc.write.1.tlog
d:\rohith\sem3\adsa min pro\bst\debug\bst.tlog\link.1492.read.1.tlog
d:\rohith\sem3\adsa min pro\bst\debug\bst.tlog\link.1492.write.1.tlog
d:\rohith\sem3\adsa min pro\bst\debug\bst.tlog\link.2208-cvtres.read.1.tlog
d:\rohith\sem3\adsa min pro\bst\debug\bst.tlog\link.2208-cvtres.write.1.tlog
d:\rohith\sem3\adsa min pro\bst\debug\bst.tlog\link.2208-rc.read.1.tlog
d:\rohith\sem3\adsa min pro\bst\debug\bst.tlog\link.2208-rc.write.1.tlog
d:\rohith\sem3\adsa min pro\bst\debug\bst.tlog\link.2208.read.1.tlog
d:\rohith\sem3\adsa min pro\bst\debug\bst.tlog\link.2208.write.1.tlog
d:\rohith\sem3\adsa min pro\bst\debug\bst.tlog\link.2600-cvtres.read.1.tlog
d:\rohith\sem3\adsa min pro\bst\debug\bst.tlog\link.2600-cvtres.write.1.tlog
d:\rohith\sem3\adsa min pro\bst\debug\bst.tlog\link.2600-rc.read.1.tlog
d:\rohith\sem3\adsa min pro\bst\debug\bst.tlog\link.2600-rc.write.1.tlog
d:\rohith\sem3\adsa min pro\bst\debug\bst.tlog\link.2600.read.1.tlog
d:\rohith\sem3\adsa min pro\bst\debug\bst.tlog\link.2600.write.1.tlog
d:\rohith\sem3\adsa min pro\bst\debug\bst.tlog\link.4600-cvtres.read.1.tlog
d:\rohith\sem3\adsa min pro\bst\debug\bst.tlog\link.4600-cvtres.write.1.tlog
d:\rohith\sem3\adsa min pro\bst\debug\bst.tlog\link.4600-rc.read.1.tlog
d:\rohith\sem3\adsa min pro\bst\debug\bst.tlog\link.4600-rc.write.1.tlog
d:\rohith\sem3\adsa min pro\bst\debug\bst.tlog\link.4600.read.1.tlog
d:\rohith\sem3\adsa min pro\bst\debug\bst.tlog\link.4600.write.1.tlog
d:\rohith\sem3\adsa min pro\bst\debug\bst.tlog\link.command.1.tlog
d:\rohith\sem3\adsa min pro\bst\debug\bst.tlog\link.read.1.tlog
d:\rohith\sem3\adsa min pro\bst\debug\bst.tlog\link.write.1.tlog
d:\rohith\sem3\adsa min pro\bst\debug\bst.tlog\metagen.read.1.tlog
d:\rohith\sem3\adsa min pro\bst\debug\bst.tlog\metagen.write.1.tlog
d:\rohith\sem3\adsa min pro\bst\debug\bst.tlog\rsaenh.dll.bi
d:\rohith\sem3\adsa min pro\bst\debug\bst.tlog\tzres.dll.bi
